2024-02-08 11:52:51,534 INFO com.cts.banking.utility.LoggerTest [main] Contents are wriiten to file
2024-02-08 11:55:20,438 INFO com.cts.banking.utility.LoggerTest [main] Contents are wriiten to file
2024-02-08 11:56:04,228 INFO c.c.b.u.LoggerTest [main] Contents are wriiten to file
2024-02-08 11:56:44,642 INFO c.c.b.u.LoggerTest [main] Contents are wriiten to file
2024-02-08 12:42:43,265 INFO c.c.b.m.Account [main] Bean Instantiated...
2024-02-08 12:42:43,313 INFO c.c.b.u.LoggerTest [main] Contents are wriiten to file
2024-02-08 15:13:01,039 INFO c.c.b.m.Employee [main] Entering Bean Name Aware....
2024-02-08 15:13:01,040 INFO c.c.b.m.Employee [main] Entering Bean Factory....com.cts.banking.models.Employee@6221a451
2024-02-08 15:13:01,041 INFO c.c.b.m.Employee [main] Entering Application Context....
2024-02-08 15:13:01,042 INFO c.c.b.m.Employee [main] Entering custom Initialization method....
2024-02-08 15:13:01,042 INFO c.c.b.m.Employee [main] Initializing Bean....
2024-02-08 15:16:24,463 INFO c.c.b.m.Employee [main] Entering Bean Name Aware....
2024-02-08 15:16:24,465 INFO c.c.b.m.Employee [main] Entering Bean Factory....com.cts.banking.models.Employee@6221a451
2024-02-08 15:16:24,465 INFO c.c.b.m.Employee [main] Entering Application Context....
2024-02-08 15:16:24,465 INFO c.c.b.m.Employee [main] Entering custom Initialization method....
2024-02-08 15:16:24,465 INFO c.c.b.m.Employee [main] Initializing Bean....
2024-02-08 15:19:00,341 INFO c.c.b.m.Employee [main] Entering Bean Factory....com.cts.banking.models.Employee$$SpringCGLIB$$0@57a3e26a
2024-02-08 15:19:00,343 INFO c.c.b.m.Employee [main] Entering Bean Name Aware....
2024-02-08 15:19:00,344 INFO c.c.b.m.Employee [main] Entering Bean Factory....com.cts.banking.models.Employee$$SpringCGLIB$$0@57a3e26a
2024-02-08 15:19:00,344 INFO c.c.b.m.Employee [main] Entering Application Context....
2024-02-08 15:19:00,344 INFO c.c.b.m.EmployeeBeanPostProcessor [main] Entering Bean Processor Before Initialization...
2024-02-08 15:19:00,345 INFO c.c.b.m.Employee [main] Entering custom Initialization method....
2024-02-08 15:19:00,345 INFO c.c.b.m.Employee [main] Initializing Bean....
2024-02-08 15:19:00,346 INFO c.c.b.m.EmployeeBeanPostProcessor [main] Entering Bean Post processor after initializationemployee
2024-02-08 15:31:26,680 INFO c.c.b.m.Employee [main] Entering Bean Factory....com.cts.banking.models.Employee$$SpringCGLIB$$0@57a3e26a
2024-02-08 15:31:26,682 INFO c.c.b.m.Employee [main] Entering Bean Name Aware....
2024-02-08 15:31:26,682 INFO c.c.b.m.Employee [main] Entering Bean Factory....com.cts.banking.models.Employee$$SpringCGLIB$$0@57a3e26a
2024-02-08 15:31:26,682 INFO c.c.b.m.Employee [main] Entering Application Context....
2024-02-08 15:31:26,682 INFO c.c.b.m.EmployeeBeanPostProcessor [main] Object Namecom.cts.banking.models.Employee$$SpringCGLIB$$0
2024-02-08 15:31:26,683 INFO c.c.b.m.EmployeeBeanPostProcessor [main] Entering Bean Processor Before Initialization...
2024-02-08 15:31:26,683 INFO c.c.b.m.Employee [main] Entering custom Initialization method....
2024-02-08 15:31:26,683 INFO c.c.b.m.Employee [main] Initializing Bean....
2024-02-08 15:31:26,683 INFO c.c.b.m.EmployeeBeanPostProcessor [main] Entering Bean Post processor after initializationemployee
2024-02-08 15:32:41,391 INFO c.c.b.m.Employee [main] Entering Bean Factory....com.cts.banking.models.Employee$$SpringCGLIB$$0@57a3e26a
2024-02-08 15:32:41,392 INFO c.c.b.m.Employee [main] Entering Bean Name Aware....
2024-02-08 15:32:41,392 INFO c.c.b.m.Employee [main] Entering Bean Factory....com.cts.banking.models.Employee$$SpringCGLIB$$0@57a3e26a
2024-02-08 15:32:41,392 INFO c.c.b.m.Employee [main] Entering Application Context....
2024-02-08 15:32:41,393 INFO c.c.b.m.EmployeeBeanPostProcessor [main] Object Namecom.cts.banking.models.Employee$$SpringCGLIB$$0
2024-02-08 15:32:41,393 INFO c.c.b.m.EmployeeBeanPostProcessor [main] Entering Bean Processor Before Initialization...
2024-02-08 15:32:41,393 INFO c.c.b.m.Employee [main] Entering custom Initialization method....
2024-02-08 15:32:41,393 INFO c.c.b.m.Employee [main] Initializing Bean....
2024-02-08 15:32:41,393 INFO c.c.b.m.EmployeeBeanPostProcessor [main] Entering Bean Post processor after initializationemployee
2024-02-08 15:35:15,218 INFO c.c.b.m.Employee [main] Entering Bean Factory....com.cts.banking.models.Employee$$SpringCGLIB$$0@57a3e26a
2024-02-08 15:35:15,219 INFO c.c.b.m.Employee [main] Entering Bean Name Aware....
2024-02-08 15:35:15,220 INFO c.c.b.m.Employee [main] Entering Bean Factory....com.cts.banking.models.Employee$$SpringCGLIB$$0@57a3e26a
2024-02-08 15:35:15,220 INFO c.c.b.m.Employee [main] Entering Application Context....
2024-02-08 15:35:15,220 INFO c.c.b.m.EmployeeBeanPostProcessor [main] Object Namecom.cts.banking.models.Employee$$SpringCGLIB$$0
2024-02-08 15:35:15,220 INFO c.c.b.m.EmployeeBeanPostProcessor [main] Entering Bean Processor Before Initialization...
2024-02-08 15:35:15,221 INFO c.c.b.m.Employee [main] Entering custom Initialization method....
2024-02-08 15:35:15,221 INFO c.c.b.m.Employee [main] Initializing Bean....
2024-02-08 15:35:15,221 INFO c.c.b.m.EmployeeBeanPostProcessor [main] Entering Bean Post processor after initializationemployee
2024-02-08 15:35:15,247 INFO c.c.b.m.Employee [SpringContextShutdownHook] Before Destroying bean invokes custom destory method....
2024-02-08 15:35:15,247 INFO c.c.b.m.Employee [SpringContextShutdownHook] Entering Disposable Bean....
